<?xml version="1.0" encoding="UTF-8"?>
<!-- Generated by org.testng.reporters.JUnitXMLReporter -->
<testsuite ignored="3" hostname="DESKTOP-3BU923C" failures="0" tests="3" name="Regression Test" time="0.059" errors="0" timestamp="2022-07-19T13:30:26 IST">
  <testcase classname="Group_Parameter.Group" name="run2" time="0.012"/>
  <testcase classname="Group_Parameter.Group2" name="run1" time="0.001"/>
  <testcase classname="Group_Parameter.Group2" name="run3" time="0.001"/>
  <testcase classname="Group_Parameter.Group2" name="run2" time="0.0">
    <ignored/>
  </testcase> <!-- run2 -->
  <testcase classname="Group_Parameter.Group" name="run3" time="0.0">
    <ignored/>
  </testcase> <!-- run3 -->
  <testcase classname="Group_Parameter.Group" name="run1" time="0.0">
    <ignored/>
  </testcase> <!-- run1 -->
</testsuite> <!-- Regression Test -->
