<?xml version="1.0" encoding="UTF-8"?>
<!-- Generated by org.testng.reporters.JUnitXMLReporter -->
<testsuite ignored="4" hostname="DESKTOP-3BU923C" failures="0" tests="4" name="Test1" time="0.034" errors="0" timestamp="2022-07-19T12:33:47 IST">
  <testcase classname="Annotation.Annotation2" name="bun1" time="0.001"/>
  <testcase classname="Annotation.Annotation2" name="bun2" time="0.001"/>
  <testcase classname="Annotation.AnnotationRun" name="run1" time="0.002"/>
  <testcase classname="Annotation.AnnotationRun" name="run2" time="0.003"/>
  <testcase classname="Annotation.TestNGannotation" name="@AfterTest afterTest" time="0.0">
    <ignored/>
  </testcase> <!-- @AfterTest afterTest -->
  <testcase classname="Annotation.TestNGannotation" name="@BeforeTest beforeTest" time="0.0">
    <ignored/>
  </testcase> <!-- @BeforeTest beforeTest -->
  <testcase classname="Annotation.TestNGannotation" name="@BeforeSuite beforesuite" time="0.0">
    <ignored/>
  </testcase> <!-- @BeforeSuite beforesuite -->
  <testcase classname="Annotation.TestNGannotation" name="@AfterSuite aftersuite" time="0.0">
    <ignored/>
  </testcase> <!-- @AfterSuite aftersuite -->
</testsuite> <!-- Test1 -->
